Using pre-set license
Built from '2020.3/staging' branch; Version is '2020.3.3f1 (76626098c1c4) revision 7758432'; Using compiler version '192528614'; Build Type 'Release'
OS: 'Windows 10 Pro; OS build 19042.928; Version 2009; 64bit' Language: 'zh' Physical Memory: 32691 MB
BatchMode: 1, IsHumanControllingUs: 0, StartBugReporterOnCrash: 0, Is64bit: 1, IsPro: 0

 COMMAND LINE ARGUMENTS:
C:\Program Files\Unity\Hub\Editor\2020.3.3f1\Editor\Unity.exe
-adb2
-batchMode
-noUpm
-name
AssetImportWorker0
-projectPath
E:/github/cpp-lab
-logFile
Logs/AssetImportWorker0.log
-srvPort
50854
Successfully changed project path to: E:/github/cpp-lab
E:/github/cpp-lab
Using Asset Import Pipeline V2.
Refreshing native plugins compatible for Editor in 39.72 ms, found 1 plugins.
Preloading 0 native plugins for Editor in 0.00 ms.
Initialize engine version: 2020.3.3f1 (76626098c1c4)
[Subsystems] Discovering subsystems at path C:/Program Files/Unity/Hub/Editor/2020.3.3f1/Editor/Data/Resources/UnitySubsystems
[Subsystems] Discovering subsystems at path E:/github/cpp-lab/Assets
GfxDevice: creating device client; threaded=0
Direct3D:
    Version:  Direct3D 11.0 [level 11.1]
    Renderer: NVIDIA GeForce RTX 2080 Ti (ID=0x1e07)
    Vendor:   
    VRAM:     11048 MB
    Driver:   27.21.14.6589
Initialize mono
Mono path[0] = 'C:/Program Files/Unity/Hub/Editor/2020.3.3f1/Editor/Data/Managed'
Mono path[1] = 'C:/Program Files/Unity/Hub/Editor/2020.3.3f1/Editor/Data/MonoBleedingEdge/lib/mono/unityjit'
Mono config path = 'C:/Program Files/Unity/Hub/Editor/2020.3.3f1/Editor/Data/MonoBleedingEdge/etc'
Using monoOptions --debugger-agent=transport=dt_socket,embedding=1,server=y,suspend=n,address=127.0.0.1:56992
Begin MonoManager ReloadAssembly
Registering precompiled unity dll's ...
Register platform support module: C:/Program Files/Unity/Hub/Editor/2020.3.3f1/Editor/Data/PlaybackEngines/WindowsStandaloneSupport/UnityEditor.WindowsStandalone.Extensions.dll
Registered in 0.002350 seconds.
Native extension for WindowsStandalone target not found
Refreshing native plugins compatible for Editor in 44.88 ms, found 1 plugins.
Preloading 0 native plugins for Editor in 0.00 ms.
Invoked RoslynAnalysisRunner static constructor.
RoslynAnalysisRunner will not be running.
RoslynAnalysisRunner has terminated.
Mono: successfully reloaded assembly
- Completed reload, in  1.217 seconds
Platform modules already initialized, skipping
Registering precompiled user dll's ...
Registered in 0.000581 seconds.
Begin MonoManager ReloadAssembly
Native extension for WindowsStandalone target not found
Refreshing native plugins compatible for Editor in 44.88 ms, found 1 plugins.
Preloading 0 native plugins for Editor in 0.00 ms.
Invoked RoslynAnalysisRunner static constructor.
RoslynAnalysisRunner will not be running.
RoslynAnalysisRunner has terminated.
Mono: successfully reloaded assembly
- Completed reload, in  1.049 seconds
Platform modules already initialized, skipping
========================================================================
Worker process is ready to serve import requests
Launched and connected shader compiler UnityShaderCompiler.exe after 0.07 seconds
Refreshing native plugins compatible for Editor in 0.30 ms, found 1 plugins.
Preloading 0 native plugins for Editor in 0.00 ms.
Unloading 1808 Unused Serialized files (Serialized files now loaded: 0)
System memory in use before: 84.7 MB.
System memory in use after: 84.8 MB.

Unloading 19 unused Assets to reduce memory usage. Loaded Objects now: 2255.
Total: 2.250400 ms (FindLiveObjects: 0.211300 ms CreateObjectMapping: 0.122300 ms MarkObjects: 1.855400 ms  DeleteObjects: 0.060200 ms)

========================================================================
Received Import Request.
  path: Assets/scripts/player/playerMovement.cs
  artifactKey: Guid(0ca817e9fe9f01d4791d7d6326b15d63) Importer(815301076,1909f56bfc062723c751e8b465ee728b)
Start importing Assets/scripts/player/playerMovement.cs using Guid(0ca817e9fe9f01d4791d7d6326b15d63) Importer(815301076,1909f56bfc062723c751e8b465ee728b)  -> (artifact id: '7f2a390c84ccd910e6f86eb6194d20f1') in 0.050761 seconds
  Import took 0.054224 seconds .

========================================================================
Received Import Request.
  Time since last request: 2353.709654 seconds.
  path: Assets/scripts/player/playerMovement.cs
  artifactKey: Guid(0ca817e9fe9f01d4791d7d6326b15d63) Importer(815301076,1909f56bfc062723c751e8b465ee728b)
Start importing Assets/scripts/player/playerMovement.cs using Guid(0ca817e9fe9f01d4791d7d6326b15d63) Importer(815301076,1909f56bfc062723c751e8b465ee728b)  -> (artifact id: '02e678f044fddf6f4445514d3f0e8f14') in 0.004459 seconds
  Import took 0.007589 seconds .

========================================================================
Received Import Request.
  Time since last request: 364.936874 seconds.
  path: Assets/scripts/player/playerMovement.cs
  artifactKey: Guid(0ca817e9fe9f01d4791d7d6326b15d63) Importer(815301076,1909f56bfc062723c751e8b465ee728b)
Start importing Assets/scripts/player/playerMovement.cs using Guid(0ca817e9fe9f01d4791d7d6326b15d63) Importer(815301076,1909f56bfc062723c751e8b465ee728b)  -> (artifact id: '2085a3daa210043658951a45c1a9eaf8') in 0.004403 seconds
  Import took 0.019534 seconds .

========================================================================
Received Import Request.
  Time since last request: 14.202802 seconds.
  path: Assets/scripts/player/animations/idle.anim
  artifactKey: Guid(c7a22b97b80d60a4498b6cd725da1891) Importer(815301076,1909f56bfc062723c751e8b465ee728b)
Start importing Assets/scripts/player/animations/idle.anim using Guid(c7a22b97b80d60a4498b6cd725da1891) Importer(815301076,1909f56bfc062723c751e8b465ee728b)  -> (artifact id: '53b0b85127dc4176847561d6d112c05a') in 0.019581 seconds
  Import took 0.028824 seconds .

========================================================================
Received Prepare
Registering precompiled user dll's ...
Registered in 0.000663 seconds.
Begin MonoManager ReloadAssembly
Native extension for WindowsStandalone target not found
Refreshing native plugins compatible for Editor in 0.42 ms, found 1 plugins.
Preloading 0 native plugins for Editor in 0.00 ms.
Invoked RoslynAnalysisRunner static constructor.
RoslynAnalysisRunner will not be running.
RoslynAnalysisRunner has terminated.
Mono: successfully reloaded assembly
- Completed reload, in  0.829 seconds
Platform modules already initialized, skipping
Refreshing native plugins compatible for Editor in 0.26 ms, found 1 plugins.
Preloading 0 native plugins for Editor in 0.00 ms.
Unloading 1798 Unused Serialized files (Serialized files now loaded: 0)
System memory in use before: 84.3 MB.
System memory in use after: 84.4 MB.

Unloading 8 unused Assets to reduce memory usage. Loaded Objects now: 2258.
Total: 1.631900 ms (FindLiveObjects: 0.168000 ms CreateObjectMapping: 0.063900 ms MarkObjects: 1.386100 ms  DeleteObjects: 0.013200 ms)

========================================================================
Received Import Request.
  Time since last request: 40.380933 seconds.
  path: Assets/scripts/player/playermovement.cs
  artifactKey: Guid(0ca817e9fe9f01d4791d7d6326b15d63) Importer(815301076,1909f56bfc062723c751e8b465ee728b)
Start importing Assets/scripts/player/playermovement.cs using Guid(0ca817e9fe9f01d4791d7d6326b15d63) Importer(815301076,1909f56bfc062723c751e8b465ee728b)  -> (artifact id: 'd84f1f4c754b8b084ed7ce4678c16451') in 0.008236 seconds
  Import took 0.023230 seconds .

========================================================================
Received Prepare
Registering precompiled user dll's ...
Registered in 0.000614 seconds.
Begin MonoManager ReloadAssembly
Native extension for WindowsStandalone target not found
Refreshing native plugins compatible for Editor in 0.28 ms, found 1 plugins.
Preloading 0 native plugins for Editor in 0.00 ms.
Invoked RoslynAnalysisRunner static constructor.
RoslynAnalysisRunner will not be running.
RoslynAnalysisRunner has terminated.
Mono: successfully reloaded assembly
- Completed reload, in  0.781 seconds
Platform modules already initialized, skipping
Refreshing native plugins compatible for Editor in 0.32 ms, found 1 plugins.
Preloading 0 native plugins for Editor in 0.00 ms.
Unloading 1799 Unused Serialized files (Serialized files now loaded: 0)
System memory in use before: 84.3 MB.
System memory in use after: 84.4 MB.

Unloading 8 unused Assets to reduce memory usage. Loaded Objects now: 2261.
Total: 1.704500 ms (FindLiveObjects: 0.180700 ms CreateObjectMapping: 0.065700 ms MarkObjects: 1.439100 ms  DeleteObjects: 0.017800 ms)

========================================================================
Received Prepare
Registering precompiled user dll's ...
Registered in 0.000585 seconds.
Begin MonoManager ReloadAssembly
Native extension for WindowsStandalone target not found
Refreshing native plugins compatible for Editor in 0.31 ms, found 1 plugins.
Preloading 0 native plugins for Editor in 0.00 ms.
Invoked RoslynAnalysisRunner static constructor.
RoslynAnalysisRunner will not be running.
RoslynAnalysisRunner has terminated.
Mono: successfully reloaded assembly
- Completed reload, in  0.801 seconds
Platform modules already initialized, skipping
Refreshing native plugins compatible for Editor in 0.30 ms, found 1 plugins.
Preloading 0 native plugins for Editor in 0.00 ms.
Unloading 1799 Unused Serialized files (Serialized files now loaded: 0)
System memory in use before: 84.4 MB.
System memory in use after: 84.5 MB.

Unloading 8 unused Assets to reduce memory usage. Loaded Objects now: 2264.
Total: 1.604500 ms (FindLiveObjects: 0.147900 ms CreateObjectMapping: 0.078700 ms MarkObjects: 1.360500 ms  DeleteObjects: 0.016600 ms)

========================================================================
Received Import Request.
  Time since last request: 76.156657 seconds.
  path: Assets/scripts/player/playermovement.cs
  artifactKey: Guid(0ca817e9fe9f01d4791d7d6326b15d63) Importer(815301076,1909f56bfc062723c751e8b465ee728b)
Start importing Assets/scripts/player/playermovement.cs using Guid(0ca817e9fe9f01d4791d7d6326b15d63) Importer(815301076,1909f56bfc062723c751e8b465ee728b)  -> (artifact id: '84e9865751777e3aa9ebaaed6e46dd18') in 0.005940 seconds
  Import took 0.008384 seconds .

========================================================================
Received Prepare
Registering precompiled user dll's ...
Registered in 0.000554 seconds.
Begin MonoManager ReloadAssembly
Native extension for WindowsStandalone target not found
Refreshing native plugins compatible for Editor in 0.27 ms, found 1 plugins.
Preloading 0 native plugins for Editor in 0.00 ms.
Invoked RoslynAnalysisRunner static constructor.
RoslynAnalysisRunner will not be running.
RoslynAnalysisRunner has terminated.
Mono: successfully reloaded assembly
- Completed reload, in  0.726 seconds
Platform modules already initialized, skipping
Refreshing native plugins compatible for Editor in 0.45 ms, found 1 plugins.
Preloading 0 native plugins for Editor in 0.00 ms.
Unloading 1799 Unused Serialized files (Serialized files now loaded: 0)
System memory in use before: 84.4 MB.
System memory in use after: 84.5 MB.

Unloading 8 unused Assets to reduce memory usage. Loaded Objects now: 2267.
Total: 2.083700 ms (FindLiveObjects: 0.177600 ms CreateObjectMapping: 0.060600 ms MarkObjects: 1.824200 ms  DeleteObjects: 0.019900 ms)

========================================================================
Received Import Request.
  Time since last request: 18637.630792 seconds.
  path: Assets/scripts/player/playermovement.cs
  artifactKey: Guid(0ca817e9fe9f01d4791d7d6326b15d63) Importer(815301076,1909f56bfc062723c751e8b465ee728b)
Start importing Assets/scripts/player/playermovement.cs using Guid(0ca817e9fe9f01d4791d7d6326b15d63) Importer(815301076,1909f56bfc062723c751e8b465ee728b)  -> (artifact id: 'ec5a499126b3ccfc03d2731d68ac3859') in 0.006071 seconds
  Import took 0.009220 seconds .

========================================================================
Received Prepare
Registering precompiled user dll's ...
Registered in 0.000628 seconds.
Begin MonoManager ReloadAssembly
Native extension for WindowsStandalone target not found
Refreshing native plugins compatible for Editor in 0.53 ms, found 1 plugins.
Preloading 0 native plugins for Editor in 0.00 ms.
Invoked RoslynAnalysisRunner static constructor.
RoslynAnalysisRunner will not be running.
RoslynAnalysisRunner has terminated.
Mono: successfully reloaded assembly
- Completed reload, in  0.862 seconds
Platform modules already initialized, skipping
Refreshing native plugins compatible for Editor in 0.30 ms, found 1 plugins.
Preloading 0 native plugins for Editor in 0.00 ms.
Unloading 1799 Unused Serialized files (Serialized files now loaded: 0)
System memory in use before: 84.4 MB.
System memory in use after: 84.5 MB.

Unloading 8 unused Assets to reduce memory usage. Loaded Objects now: 2270.
Total: 1.906100 ms (FindLiveObjects: 0.263000 ms CreateObjectMapping: 0.092300 ms MarkObjects: 1.534500 ms  DeleteObjects: 0.014900 ms)

========================================================================
Received Import Request.
  Time since last request: 2992.138108 seconds.
  path: Assets/scripts/player/playermovement.cs
  artifactKey: Guid(0ca817e9fe9f01d4791d7d6326b15d63) Importer(815301076,1909f56bfc062723c751e8b465ee728b)
Start importing Assets/scripts/player/playermovement.cs using Guid(0ca817e9fe9f01d4791d7d6326b15d63) Importer(815301076,1909f56bfc062723c751e8b465ee728b)  -> (artifact id: '44b7e2892a5e90f37289a7965607a5f3') in 0.006584 seconds
  Import took 0.009120 seconds .

========================================================================
Received Import Request.
  Time since last request: 3950.485303 seconds.
  path: Assets/scripts/player/playermovement.cs
  artifactKey: Guid(0ca817e9fe9f01d4791d7d6326b15d63) Importer(815301076,1909f56bfc062723c751e8b465ee728b)
Start importing Assets/scripts/player/playermovement.cs using Guid(0ca817e9fe9f01d4791d7d6326b15d63) Importer(815301076,1909f56bfc062723c751e8b465ee728b)  -> (artifact id: 'f180c10132e316e5cfcd1717baf8521f') in 0.003660 seconds
  Import took 0.011085 seconds .

========================================================================
Received Import Request.
  Time since last request: 150.843123 seconds.
  path: Assets/scripts/player/PlayerMovement.cs
  artifactKey: Guid(0ca817e9fe9f01d4791d7d6326b15d63) Importer(815301076,1909f56bfc062723c751e8b465ee728b)
Start importing Assets/scripts/player/PlayerMovement.cs using Guid(0ca817e9fe9f01d4791d7d6326b15d63) Importer(815301076,1909f56bfc062723c751e8b465ee728b)  -> (artifact id: 'b7a1f784e6d9b2cc2b0c2f6ae3dbf391') in 0.018529 seconds
  Import took 0.021157 seconds .

========================================================================
Received Import Request.
  Time since last request: 0.010496 seconds.
  path: Assets/scripts/player/PlayerMovement.cs
  artifactKey: Guid(0ca817e9fe9f01d4791d7d6326b15d63) Importer(815301076,1909f56bfc062723c751e8b465ee728b)
Start importing Assets/scripts/player/PlayerMovement.cs using Guid(0ca817e9fe9f01d4791d7d6326b15d63) Importer(815301076,1909f56bfc062723c751e8b465ee728b)  -> (artifact id: 'b7a1f784e6d9b2cc2b0c2f6ae3dbf391') in 0.004435 seconds
  Import took 0.007177 seconds .

AssetImportWorkerClient::OnTransportError - code=2 error=End of file
