Using pre-set license
Built from '2020.3/staging' branch; Version is '2020.3.3f1 (76626098c1c4) revision 7758432'; Using compiler version '192528614'; Build Type 'Release'
OS: 'Windows 10 Pro; OS build 19042.985; Version 2009; 64bit' Language: 'zh' Physical Memory: 32691 MB
BatchMode: 1, IsHumanControllingUs: 0, StartBugReporterOnCrash: 0, Is64bit: 1, IsPro: 0

 COMMAND LINE ARGUMENTS:
C:\Program Files\Unity\Hub\Editor\2020.3.3f1\Editor\Unity.exe
-adb2
-batchMode
-noUpm
-name
AssetImportWorker1
-projectPath
E:/github/cpp-lab
-logFile
Logs/AssetImportWorker1.log
-srvPort
51240
Successfully changed project path to: E:/github/cpp-lab
E:/github/cpp-lab
Using Asset Import Pipeline V2.
Refreshing native plugins compatible for Editor in 29.40 ms, found 1 plugins.
Preloading 0 native plugins for Editor in 0.00 ms.
Initialize engine version: 2020.3.3f1 (76626098c1c4)
[Subsystems] Discovering subsystems at path C:/Program Files/Unity/Hub/Editor/2020.3.3f1/Editor/Data/Resources/UnitySubsystems
[Subsystems] Discovering subsystems at path E:/github/cpp-lab/Assets
GfxDevice: creating device client; threaded=0
Direct3D:
    Version:  Direct3D 11.0 [level 11.1]
    Renderer: NVIDIA GeForce RTX 2080 Ti (ID=0x1e07)
    Vendor:   
    VRAM:     11048 MB
    Driver:   27.21.14.6589
Initialize mono
Mono path[0] = 'C:/Program Files/Unity/Hub/Editor/2020.3.3f1/Editor/Data/Managed'
Mono path[1] = 'C:/Program Files/Unity/Hub/Editor/2020.3.3f1/Editor/Data/MonoBleedingEdge/lib/mono/unityjit'
Mono config path = 'C:/Program Files/Unity/Hub/Editor/2020.3.3f1/Editor/Data/MonoBleedingEdge/etc'
Using monoOptions --debugger-agent=transport=dt_socket,embedding=1,server=y,suspend=n,address=127.0.0.1:56188
Begin MonoManager ReloadAssembly
Registering precompiled unity dll's ...
Register platform support module: C:/Program Files/Unity/Hub/Editor/2020.3.3f1/Editor/Data/PlaybackEngines/WindowsStandaloneSupport/UnityEditor.WindowsStandalone.Extensions.dll
Registered in 0.002590 seconds.
Native extension for WindowsStandalone target not found
Refreshing native plugins compatible for Editor in 29.69 ms, found 1 plugins.
Preloading 0 native plugins for Editor in 0.00 ms.
Invoked RoslynAnalysisRunner static constructor.
RoslynAnalysisRunner will not be running.
RoslynAnalysisRunner has terminated.
Mono: successfully reloaded assembly
- Completed reload, in  0.974 seconds
Platform modules already initialized, skipping
Registering precompiled user dll's ...
Registered in 0.000514 seconds.
Begin MonoManager ReloadAssembly
Native extension for WindowsStandalone target not found
Refreshing native plugins compatible for Editor in 30.40 ms, found 1 plugins.
Preloading 0 native plugins for Editor in 0.00 ms.
Invoked RoslynAnalysisRunner static constructor.
RoslynAnalysisRunner will not be running.
RoslynAnalysisRunner has terminated.
Mono: successfully reloaded assembly
- Completed reload, in  0.788 seconds
Platform modules already initialized, skipping
========================================================================
Worker process is ready to serve import requests
Launched and connected shader compiler UnityShaderCompiler.exe after 0.06 seconds
Refreshing native plugins compatible for Editor in 0.28 ms, found 1 plugins.
Preloading 0 native plugins for Editor in 0.00 ms.
Unloading 1813 Unused Serialized files (Serialized files now loaded: 0)
System memory in use before: 84.9 MB.
System memory in use after: 85.0 MB.

Unloading 19 unused Assets to reduce memory usage. Loaded Objects now: 2261.
Total: 2.350900 ms (FindLiveObjects: 0.244900 ms CreateObjectMapping: 0.092900 ms MarkObjects: 1.950200 ms  DeleteObjects: 0.061900 ms)

========================================================================
Received Import Request.
  path: Assets/V2.0/scrpits/player/playercontroller.cs
  artifactKey: Guid(6339b1350c3dd6d46aed1fa6e3d5198e) Importer(815301076,1909f56bfc062723c751e8b465ee728b)
Start importing Assets/V2.0/scrpits/player/playercontroller.cs using Guid(6339b1350c3dd6d46aed1fa6e3d5198e) Importer(815301076,1909f56bfc062723c751e8b465ee728b)  -> (artifact id: '81134e31188f2ee034494cf356d70c74') in 0.033154 seconds
  Import took 0.035639 seconds .

========================================================================
Received Prepare
Registering precompiled user dll's ...
Registered in 0.000564 seconds.
Begin MonoManager ReloadAssembly
Native extension for WindowsStandalone target not found
Refreshing native plugins compatible for Editor in 0.27 ms, found 1 plugins.
Preloading 0 native plugins for Editor in 0.00 ms.
Invoked RoslynAnalysisRunner static constructor.
RoslynAnalysisRunner will not be running.
RoslynAnalysisRunner has terminated.
Mono: successfully reloaded assembly
- Completed reload, in  0.717 seconds
Platform modules already initialized, skipping
Refreshing native plugins compatible for Editor in 0.25 ms, found 1 plugins.
Preloading 0 native plugins for Editor in 0.00 ms.
Unloading 1804 Unused Serialized files (Serialized files now loaded: 0)
System memory in use before: 84.5 MB.
System memory in use after: 84.6 MB.

Unloading 8 unused Assets to reduce memory usage. Loaded Objects now: 2264.
Total: 1.416400 ms (FindLiveObjects: 0.142800 ms CreateObjectMapping: 0.058000 ms MarkObjects: 1.203600 ms  DeleteObjects: 0.011600 ms)

========================================================================
Received Prepare
Registering precompiled user dll's ...
Registered in 0.000530 seconds.
Begin MonoManager ReloadAssembly
Native extension for WindowsStandalone target not found
Refreshing native plugins compatible for Editor in 0.27 ms, found 1 plugins.
Preloading 0 native plugins for Editor in 0.00 ms.
Invoked RoslynAnalysisRunner static constructor.
RoslynAnalysisRunner will not be running.
RoslynAnalysisRunner has terminated.
Mono: successfully reloaded assembly
- Completed reload, in  0.717 seconds
Platform modules already initialized, skipping
Refreshing native plugins compatible for Editor in 0.26 ms, found 1 plugins.
Preloading 0 native plugins for Editor in 0.00 ms.
Unloading 1804 Unused Serialized files (Serialized files now loaded: 0)
System memory in use before: 84.5 MB.
System memory in use after: 84.6 MB.

Unloading 8 unused Assets to reduce memory usage. Loaded Objects now: 2267.
Total: 1.428100 ms (FindLiveObjects: 0.167900 ms CreateObjectMapping: 0.054400 ms MarkObjects: 1.193600 ms  DeleteObjects: 0.011600 ms)

========================================================================
Received Prepare
Registering precompiled user dll's ...
Registered in 0.000581 seconds.
Begin MonoManager ReloadAssembly
Native extension for WindowsStandalone target not found
Refreshing native plugins compatible for Editor in 0.27 ms, found 1 plugins.
Preloading 0 native plugins for Editor in 0.00 ms.
Invoked RoslynAnalysisRunner static constructor.
RoslynAnalysisRunner will not be running.
RoslynAnalysisRunner has terminated.
Mono: successfully reloaded assembly
- Completed reload, in  0.723 seconds
Platform modules already initialized, skipping
Refreshing native plugins compatible for Editor in 0.26 ms, found 1 plugins.
Preloading 0 native plugins for Editor in 0.00 ms.
Unloading 1804 Unused Serialized files (Serialized files now loaded: 0)
System memory in use before: 84.5 MB.
System memory in use after: 84.6 MB.

Unloading 8 unused Assets to reduce memory usage. Loaded Objects now: 2270.
Total: 1.547400 ms (FindLiveObjects: 0.232100 ms CreateObjectMapping: 0.086500 ms MarkObjects: 1.216000 ms  DeleteObjects: 0.012000 ms)

========================================================================
Received Import Request.
  Time since last request: 523.442923 seconds.
  path: Assets/V2.0/Prefabs/powerup1.prefab
  artifactKey: Guid(6816a36d7904d8c40bc7fd16749021dc) Importer(815301076,1909f56bfc062723c751e8b465ee728b)
Start importing Assets/V2.0/Prefabs/powerup1.prefab using Guid(6816a36d7904d8c40bc7fd16749021dc) Importer(815301076,1909f56bfc062723c751e8b465ee728b)  -> (artifact id: 'f480e69086067002dae6ff4f7990f9bf') in 0.089662 seconds
  Import took 0.092084 seconds .

========================================================================
Received Import Request.
  Time since last request: 13.780262 seconds.
  path: Assets/V2.0/Prefabs/powerup2.prefab
  artifactKey: Guid(67e0508c7725ceb4d83975c43ab93b7e) Importer(815301076,1909f56bfc062723c751e8b465ee728b)
Start importing Assets/V2.0/Prefabs/powerup2.prefab using Guid(67e0508c7725ceb4d83975c43ab93b7e) Importer(815301076,1909f56bfc062723c751e8b465ee728b)  -> (artifact id: '173b45e2965f406fa079a55a51db4e67') in 0.013672 seconds
  Import took 0.016791 seconds .

========================================================================
Received Import Request.
  Time since last request: 2.717931 seconds.
  path: Assets/V2.0/Prefabs/powerup3.prefab
  artifactKey: Guid(c89e7b307a2e2ae40bf55cecea0b8407) Importer(815301076,1909f56bfc062723c751e8b465ee728b)
Start importing Assets/V2.0/Prefabs/powerup3.prefab using Guid(c89e7b307a2e2ae40bf55cecea0b8407) Importer(815301076,1909f56bfc062723c751e8b465ee728b)  -> (artifact id: 'c651581e1d78ad324f219bf9e73c9920') in 0.014207 seconds
  Import took 0.016804 seconds .

========================================================================
Received Import Request.
  Time since last request: 2.640922 seconds.
  path: Assets/V2.0/Prefabs/powerup4.prefab
  artifactKey: Guid(e8b54e81e16f6684381d4ae28f545e81) Importer(815301076,1909f56bfc062723c751e8b465ee728b)
Start importing Assets/V2.0/Prefabs/powerup4.prefab using Guid(e8b54e81e16f6684381d4ae28f545e81) Importer(815301076,1909f56bfc062723c751e8b465ee728b)  -> (artifact id: 'b312b13dc4f03f75bffc74621efb8c72') in 0.012771 seconds
  Import took 0.015736 seconds .

========================================================================
Received Prepare
Registering precompiled user dll's ...
Registered in 0.000562 seconds.
Begin MonoManager ReloadAssembly
Native extension for WindowsStandalone target not found
Refreshing native plugins compatible for Editor in 0.27 ms, found 1 plugins.
Preloading 0 native plugins for Editor in 0.00 ms.
Invoked RoslynAnalysisRunner static constructor.
RoslynAnalysisRunner will not be running.
RoslynAnalysisRunner has terminated.
Mono: successfully reloaded assembly
- Completed reload, in  0.771 seconds
Platform modules already initialized, skipping
Refreshing native plugins compatible for Editor in 0.28 ms, found 1 plugins.
Preloading 0 native plugins for Editor in 0.00 ms.
Unloading 1804 Unused Serialized files (Serialized files now loaded: 0)
System memory in use before: 87.6 MB.
System memory in use after: 87.7 MB.

Unloading 8 unused Assets to reduce memory usage. Loaded Objects now: 2280.
Total: 1.525900 ms (FindLiveObjects: 0.176900 ms CreateObjectMapping: 0.057900 ms MarkObjects: 1.278300 ms  DeleteObjects: 0.011900 ms)

========================================================================
Received Import Request.
  Time since last request: 46.285105 seconds.
  path: Assets/V2.0/Prefabs/player.prefab
  artifactKey: Guid(38d34057a2582474d93b65a3db91ff63) Importer(815301076,1909f56bfc062723c751e8b465ee728b)
Start importing Assets/V2.0/Prefabs/player.prefab using Guid(38d34057a2582474d93b65a3db91ff63) Importer(815301076,1909f56bfc062723c751e8b465ee728b)  -> (artifact id: 'dfea7f340600146faa4ccecc093ad97d') in 0.049441 seconds
  Import took 0.052148 seconds .

========================================================================
Received Prepare
Registering precompiled user dll's ...
Registered in 0.000549 seconds.
Begin MonoManager ReloadAssembly
Native extension for WindowsStandalone target not found
Refreshing native plugins compatible for Editor in 0.27 ms, found 1 plugins.
Preloading 0 native plugins for Editor in 0.00 ms.
Invoked RoslynAnalysisRunner static constructor.
RoslynAnalysisRunner will not be running.
RoslynAnalysisRunner has terminated.
Mono: successfully reloaded assembly
- Completed reload, in  0.708 seconds
Platform modules already initialized, skipping
Refreshing native plugins compatible for Editor in 0.27 ms, found 1 plugins.
Preloading 0 native plugins for Editor in 0.00 ms.
Unloading 1804 Unused Serialized files (Serialized files now loaded: 0)
System memory in use before: 87.7 MB.
System memory in use after: 87.8 MB.

Unloading 8 unused Assets to reduce memory usage. Loaded Objects now: 2284.
Total: 1.365500 ms (FindLiveObjects: 0.141200 ms CreateObjectMapping: 0.051500 ms MarkObjects: 1.160800 ms  DeleteObjects: 0.011500 ms)

========================================================================
Received Prepare
Registering precompiled user dll's ...
Registered in 0.000562 seconds.
Begin MonoManager ReloadAssembly
Native extension for WindowsStandalone target not found
Refreshing native plugins compatible for Editor in 0.29 ms, found 1 plugins.
Preloading 0 native plugins for Editor in 0.00 ms.
Invoked RoslynAnalysisRunner static constructor.
RoslynAnalysisRunner will not be running.
RoslynAnalysisRunner has terminated.
Mono: successfully reloaded assembly
- Completed reload, in  0.706 seconds
Platform modules already initialized, skipping
Refreshing native plugins compatible for Editor in 0.27 ms, found 1 plugins.
Preloading 0 native plugins for Editor in 0.00 ms.
Unloading 1804 Unused Serialized files (Serialized files now loaded: 0)
System memory in use before: 87.7 MB.
System memory in use after: 87.8 MB.

Unloading 8 unused Assets to reduce memory usage. Loaded Objects now: 2287.
Total: 1.437200 ms (FindLiveObjects: 0.168800 ms CreateObjectMapping: 0.061300 ms MarkObjects: 1.193900 ms  DeleteObjects: 0.012500 ms)

========================================================================
Received Import Request.
  Time since last request: 83.698834 seconds.
  path: Assets/V2.0/Prefabs/Life.prefab
  artifactKey: Guid(94a8c44b37ba6a54294788e4383a6b28) Importer(815301076,1909f56bfc062723c751e8b465ee728b)
Start importing Assets/V2.0/Prefabs/Life.prefab using Guid(94a8c44b37ba6a54294788e4383a6b28) Importer(815301076,1909f56bfc062723c751e8b465ee728b)  -> (artifact id: '1a55de88718c5d552f7b15ef2babb180') in 0.047754 seconds
  Import took 0.050179 seconds .

========================================================================
Received Prepare
Registering precompiled user dll's ...
Registered in 0.000592 seconds.
Begin MonoManager ReloadAssembly
Native extension for WindowsStandalone target not found
Refreshing native plugins compatible for Editor in 0.35 ms, found 1 plugins.
Preloading 0 native plugins for Editor in 0.00 ms.
Invoked RoslynAnalysisRunner static constructor.
RoslynAnalysisRunner will not be running.
RoslynAnalysisRunner has terminated.
Mono: successfully reloaded assembly
- Completed reload, in  0.799 seconds
Platform modules already initialized, skipping
Refreshing native plugins compatible for Editor in 0.30 ms, found 1 plugins.
Preloading 0 native plugins for Editor in 0.00 ms.
Unloading 1804 Unused Serialized files (Serialized files now loaded: 0)
System memory in use before: 87.7 MB.
System memory in use after: 87.8 MB.

Unloading 8 unused Assets to reduce memory usage. Loaded Objects now: 2291.
Total: 1.541500 ms (FindLiveObjects: 0.143900 ms CreateObjectMapping: 0.052700 ms MarkObjects: 1.331800 ms  DeleteObjects: 0.012400 ms)

========================================================================
Received Import Request.
  Time since last request: 35.477287 seconds.
  path: Assets/V2.0/Prefabs/pickups
  artifactKey: Guid(6af3852f9d1eeb44787dbbae7a95149c) Importer(815301076,1909f56bfc062723c751e8b465ee728b)
Start importing Assets/V2.0/Prefabs/pickups using Guid(6af3852f9d1eeb44787dbbae7a95149c) Importer(815301076,1909f56bfc062723c751e8b465ee728b)  -> (artifact id: 'edabdba107338d8d9ccc621969fe50a1') in 0.008278 seconds
  Import took 0.010807 seconds .

========================================================================
Received Import Request.
  Time since last request: 16.895176 seconds.
  path: Assets/V2.0/Prefabs/player
  artifactKey: Guid(3d1500fa60418924894b56dc3b5a17ce) Importer(815301076,1909f56bfc062723c751e8b465ee728b)
Start importing Assets/V2.0/Prefabs/player using Guid(3d1500fa60418924894b56dc3b5a17ce) Importer(815301076,1909f56bfc062723c751e8b465ee728b)  -> (artifact id: 'f446782ed05ca31b6a6a32f187d062d5') in 0.005609 seconds
  Import took 0.008310 seconds .

========================================================================
Received Import Request.
  Time since last request: 0.001023 seconds.
  path: Assets/V2.0/Prefabs/player
  artifactKey: Guid(3d1500fa60418924894b56dc3b5a17ce) Importer(815301076,1909f56bfc062723c751e8b465ee728b)
Start importing Assets/V2.0/Prefabs/player using Guid(3d1500fa60418924894b56dc3b5a17ce) Importer(815301076,1909f56bfc062723c751e8b465ee728b)  -> (artifact id: 'f446782ed05ca31b6a6a32f187d062d5') in 0.004058 seconds
  Import took 0.006301 seconds .

========================================================================
Received Prepare
Registering precompiled user dll's ...
Registered in 0.000585 seconds.
Begin MonoManager ReloadAssembly
Native extension for WindowsStandalone target not found
Refreshing native plugins compatible for Editor in 0.27 ms, found 1 plugins.
Preloading 0 native plugins for Editor in 0.00 ms.
Invoked RoslynAnalysisRunner static constructor.
RoslynAnalysisRunner will not be running.
RoslynAnalysisRunner has terminated.
Mono: successfully reloaded assembly
- Completed reload, in  0.759 seconds
Platform modules already initialized, skipping
Refreshing native plugins compatible for Editor in 0.25 ms, found 1 plugins.
Preloading 0 native plugins for Editor in 0.00 ms.
Unloading 1803 Unused Serialized files (Serialized files now loaded: 0)
System memory in use before: 87.7 MB.
System memory in use after: 87.8 MB.

Unloading 8 unused Assets to reduce memory usage. Loaded Objects now: 2294.
Total: 1.447400 ms (FindLiveObjects: 0.151000 ms CreateObjectMapping: 0.060600 ms MarkObjects: 1.222500 ms  DeleteObjects: 0.012600 ms)

========================================================================
Received Prepare
Registering precompiled user dll's ...
Registered in 0.000525 seconds.
Begin MonoManager ReloadAssembly
Native extension for WindowsStandalone target not found
Refreshing native plugins compatible for Editor in 0.27 ms, found 1 plugins.
Preloading 0 native plugins for Editor in 0.00 ms.
Invoked RoslynAnalysisRunner static constructor.
RoslynAnalysisRunner will not be running.
RoslynAnalysisRunner has terminated.
Mono: successfully reloaded assembly
- Completed reload, in  0.717 seconds
Platform modules already initialized, skipping
Refreshing native plugins compatible for Editor in 0.29 ms, found 1 plugins.
Preloading 0 native plugins for Editor in 0.00 ms.
Unloading 1803 Unused Serialized files (Serialized files now loaded: 0)
System memory in use before: 87.7 MB.
System memory in use after: 87.8 MB.

Unloading 8 unused Assets to reduce memory usage. Loaded Objects now: 2297.
Total: 1.756900 ms (FindLiveObjects: 0.455600 ms CreateObjectMapping: 0.056600 ms MarkObjects: 1.232500 ms  DeleteObjects: 0.011600 ms)

========================================================================
Received Import Request.
  Time since last request: 134.258435 seconds.
  path: Assets/V2.0/scrpits/Misc/pickup.cs
  artifactKey: Guid(7a96934a5eda3f549b7450434de6d425) Importer(815301076,1909f56bfc062723c751e8b465ee728b)
Start importing Assets/V2.0/scrpits/Misc/pickup.cs using Guid(7a96934a5eda3f549b7450434de6d425) Importer(815301076,1909f56bfc062723c751e8b465ee728b)  -> (artifact id: '2e1eca937a2e42edcca930d24ca711bf') in 0.005779 seconds
  Import took 0.008161 seconds .

========================================================================
Received Import Request.
  Time since last request: 0.001649 seconds.
  path: Assets/V2.0/scrpits/Misc/pickup.cs
  artifactKey: Guid(7a96934a5eda3f549b7450434de6d425) Importer(815301076,1909f56bfc062723c751e8b465ee728b)
Start importing Assets/V2.0/scrpits/Misc/pickup.cs using Guid(7a96934a5eda3f549b7450434de6d425) Importer(815301076,1909f56bfc062723c751e8b465ee728b)  -> (artifact id: '2e1eca937a2e42edcca930d24ca711bf') in 0.004051 seconds
  Import took 0.006251 seconds .

========================================================================
Received Import Request.
  Time since last request: 144.004802 seconds.
  path: Assets/V2.0/scrpits/Misc/pickup.cs
  artifactKey: Guid(7a96934a5eda3f549b7450434de6d425) Importer(815301076,1909f56bfc062723c751e8b465ee728b)
Start importing Assets/V2.0/scrpits/Misc/pickup.cs using Guid(7a96934a5eda3f549b7450434de6d425) Importer(815301076,1909f56bfc062723c751e8b465ee728b)  -> (artifact id: '6ea07d490b5dffed04f847022d79f85a') in 0.004561 seconds
  Import took 0.006902 seconds .

========================================================================
Received Import Request.
  Time since last request: 163.840888 seconds.
  path: Assets/V2.0/scrpits/player/playercontroller.cs
  artifactKey: Guid(6339b1350c3dd6d46aed1fa6e3d5198e) Importer(815301076,1909f56bfc062723c751e8b465ee728b)
Start importing Assets/V2.0/scrpits/player/playercontroller.cs using Guid(6339b1350c3dd6d46aed1fa6e3d5198e) Importer(815301076,1909f56bfc062723c751e8b465ee728b)  -> (artifact id: '5713da5dfcdf258e2553d473e0a99861') in 0.004472 seconds
  Import took 0.007896 seconds .

========================================================================
Received Import Request.
  Time since last request: 0.001149 seconds.
  path: Assets/V2.0/scrpits/player/playercontroller.cs
  artifactKey: Guid(6339b1350c3dd6d46aed1fa6e3d5198e) Importer(815301076,1909f56bfc062723c751e8b465ee728b)
Start importing Assets/V2.0/scrpits/player/playercontroller.cs using Guid(6339b1350c3dd6d46aed1fa6e3d5198e) Importer(815301076,1909f56bfc062723c751e8b465ee728b)  -> (artifact id: '5713da5dfcdf258e2553d473e0a99861') in 0.004132 seconds
  Import took 0.006594 seconds .

========================================================================
Received Prepare
Registering precompiled user dll's ...
Registered in 0.000871 seconds.
Begin MonoManager ReloadAssembly
Native extension for WindowsStandalone target not found
Refreshing native plugins compatible for Editor in 0.27 ms, found 1 plugins.
Preloading 0 native plugins for Editor in 0.00 ms.
Invoked RoslynAnalysisRunner static constructor.
RoslynAnalysisRunner will not be running.
RoslynAnalysisRunner has terminated.
Mono: successfully reloaded assembly
- Completed reload, in  0.718 seconds
Platform modules already initialized, skipping
Refreshing native plugins compatible for Editor in 0.24 ms, found 1 plugins.
Preloading 0 native plugins for Editor in 0.00 ms.
Unloading 1803 Unused Serialized files (Serialized files now loaded: 0)
System memory in use before: 87.7 MB.
System memory in use after: 87.8 MB.

Unloading 8 unused Assets to reduce memory usage. Loaded Objects now: 2300.
Total: 1.380300 ms (FindLiveObjects: 0.142700 ms CreateObjectMapping: 0.057100 ms MarkObjects: 1.169100 ms  DeleteObjects: 0.010900 ms)

========================================================================
Received Prepare
Registering precompiled user dll's ...
Registered in 0.000563 seconds.
Begin MonoManager ReloadAssembly
Native extension for WindowsStandalone target not found
Refreshing native plugins compatible for Editor in 0.30 ms, found 1 plugins.
Preloading 0 native plugins for Editor in 0.00 ms.
Invoked RoslynAnalysisRunner static constructor.
RoslynAnalysisRunner will not be running.
RoslynAnalysisRunner has terminated.
Mono: successfully reloaded assembly
- Completed reload, in  0.758 seconds
Platform modules already initialized, skipping
Refreshing native plugins compatible for Editor in 0.29 ms, found 1 plugins.
Preloading 0 native plugins for Editor in 0.00 ms.
Unloading 1816 Unused Serialized files (Serialized files now loaded: 0)
System memory in use before: 89.8 MB.
System memory in use after: 89.3 MB.

Unloading 21 unused Assets to reduce memory usage. Loaded Objects now: 2303.
Total: 1.744900 ms (FindLiveObjects: 0.165100 ms CreateObjectMapping: 0.055400 ms MarkObjects: 1.282600 ms  DeleteObjects: 0.240700 ms)

========================================================================
Received Prepare
Registering precompiled user dll's ...
Registered in 0.000536 seconds.
Begin MonoManager ReloadAssembly
Native extension for WindowsStandalone target not found
Refreshing native plugins compatible for Editor in 0.28 ms, found 1 plugins.
Preloading 0 native plugins for Editor in 0.00 ms.
Invoked RoslynAnalysisRunner static constructor.
RoslynAnalysisRunner will not be running.
RoslynAnalysisRunner has terminated.
Mono: successfully reloaded assembly
- Completed reload, in  0.703 seconds
Platform modules already initialized, skipping
Refreshing native plugins compatible for Editor in 0.27 ms, found 1 plugins.
Preloading 0 native plugins for Editor in 0.00 ms.
Unloading 1816 Unused Serialized files (Serialized files now loaded: 0)
System memory in use before: 89.8 MB.
System memory in use after: 89.3 MB.

Unloading 21 unused Assets to reduce memory usage. Loaded Objects now: 2306.
Total: 1.829500 ms (FindLiveObjects: 0.190300 ms CreateObjectMapping: 0.056100 ms MarkObjects: 1.335700 ms  DeleteObjects: 0.246400 ms)

========================================================================
Received Prepare
Registering precompiled user dll's ...
Registered in 0.000566 seconds.
Begin MonoManager ReloadAssembly
Native extension for WindowsStandalone target not found
Refreshing native plugins compatible for Editor in 0.27 ms, found 1 plugins.
Preloading 0 native plugins for Editor in 0.00 ms.
Invoked RoslynAnalysisRunner static constructor.
RoslynAnalysisRunner will not be running.
RoslynAnalysisRunner has terminated.
Mono: successfully reloaded assembly
- Completed reload, in  0.711 seconds
Platform modules already initialized, skipping
Refreshing native plugins compatible for Editor in 0.30 ms, found 1 plugins.
Preloading 0 native plugins for Editor in 0.00 ms.
Unloading 1816 Unused Serialized files (Serialized files now loaded: 0)
System memory in use before: 89.9 MB.
System memory in use after: 89.3 MB.

Unloading 21 unused Assets to reduce memory usage. Loaded Objects now: 2309.
Total: 1.671200 ms (FindLiveObjects: 0.145900 ms CreateObjectMapping: 0.052800 ms MarkObjects: 1.213200 ms  DeleteObjects: 0.258500 ms)

========================================================================
Received Prepare
Registering precompiled user dll's ...
Registered in 0.000543 seconds.
Begin MonoManager ReloadAssembly
Native extension for WindowsStandalone target not found
Refreshing native plugins compatible for Editor in 0.27 ms, found 1 plugins.
Preloading 0 native plugins for Editor in 0.00 ms.
Invoked RoslynAnalysisRunner static constructor.
RoslynAnalysisRunner will not be running.
RoslynAnalysisRunner has terminated.
Mono: successfully reloaded assembly
- Completed reload, in  0.700 seconds
Platform modules already initialized, skipping
Refreshing native plugins compatible for Editor in 0.26 ms, found 1 plugins.
Preloading 0 native plugins for Editor in 0.00 ms.
Unloading 1816 Unused Serialized files (Serialized files now loaded: 0)
System memory in use before: 89.9 MB.
System memory in use after: 89.3 MB.

Unloading 21 unused Assets to reduce memory usage. Loaded Objects now: 2312.
Total: 2.012600 ms (FindLiveObjects: 0.144000 ms CreateObjectMapping: 0.051000 ms MarkObjects: 1.534300 ms  DeleteObjects: 0.282500 ms)

========================================================================
Received Prepare
Registering precompiled user dll's ...
Registered in 0.000527 seconds.
Begin MonoManager ReloadAssembly
Native extension for WindowsStandalone target not found
Refreshing native plugins compatible for Editor in 0.27 ms, found 1 plugins.
Preloading 0 native plugins for Editor in 0.00 ms.
Invoked RoslynAnalysisRunner static constructor.
RoslynAnalysisRunner will not be running.
RoslynAnalysisRunner has terminated.
Mono: successfully reloaded assembly
- Completed reload, in  0.697 seconds
Platform modules already initialized, skipping
Refreshing native plugins compatible for Editor in 0.26 ms, found 1 plugins.
Preloading 0 native plugins for Editor in 0.00 ms.
Unloading 1817 Unused Serialized files (Serialized files now loaded: 0)
System memory in use before: 89.9 MB.
System memory in use after: 89.4 MB.

Unloading 21 unused Assets to reduce memory usage. Loaded Objects now: 2316.
Total: 1.576800 ms (FindLiveObjects: 0.133100 ms CreateObjectMapping: 0.051200 ms MarkObjects: 1.149000 ms  DeleteObjects: 0.243000 ms)

========================================================================
Received Prepare
Registering precompiled user dll's ...
Registered in 0.000578 seconds.
Begin MonoManager ReloadAssembly
Native extension for WindowsStandalone target not found
Refreshing native plugins compatible for Editor in 0.27 ms, found 1 plugins.
Preloading 0 native plugins for Editor in 0.00 ms.
Invoked RoslynAnalysisRunner static constructor.
RoslynAnalysisRunner will not be running.
RoslynAnalysisRunner has terminated.
Mono: successfully reloaded assembly
- Completed reload, in  0.708 seconds
Platform modules already initialized, skipping
Refreshing native plugins compatible for Editor in 0.27 ms, found 1 plugins.
Preloading 0 native plugins for Editor in 0.00 ms.
Unloading 1817 Unused Serialized files (Serialized files now loaded: 0)
System memory in use before: 89.9 MB.
System memory in use after: 89.4 MB.

Unloading 21 unused Assets to reduce memory usage. Loaded Objects now: 2319.
Total: 1.634600 ms (FindLiveObjects: 0.148600 ms CreateObjectMapping: 0.054700 ms MarkObjects: 1.175500 ms  DeleteObjects: 0.255200 ms)

========================================================================
Received Import Request.
  Time since last request: 1003.200236 seconds.
  path: Assets/V2.0/scrpits/Misc/pickup.cs
  artifactKey: Guid(7a96934a5eda3f549b7450434de6d425) Importer(815301076,1909f56bfc062723c751e8b465ee728b)
Start importing Assets/V2.0/scrpits/Misc/pickup.cs using Guid(7a96934a5eda3f549b7450434de6d425) Importer(815301076,1909f56bfc062723c751e8b465ee728b)  -> (artifact id: '47a5f3ebb708a7d2d026749352a27aff') in 0.006147 seconds
  Import took 0.008491 seconds .

========================================================================
Received Import Request.
  Time since last request: 0.001393 seconds.
  path: Assets/V2.0/scrpits/Misc/pickup.cs
  artifactKey: Guid(7a96934a5eda3f549b7450434de6d425) Importer(815301076,1909f56bfc062723c751e8b465ee728b)
Start importing Assets/V2.0/scrpits/Misc/pickup.cs using Guid(7a96934a5eda3f549b7450434de6d425) Importer(815301076,1909f56bfc062723c751e8b465ee728b)  -> (artifact id: '47a5f3ebb708a7d2d026749352a27aff') in 0.004353 seconds
  Import took 0.006572 seconds .

========================================================================
Received Prepare
Registering precompiled user dll's ...
Registered in 0.000539 seconds.
Begin MonoManager ReloadAssembly
Native extension for WindowsStandalone target not found
Refreshing native plugins compatible for Editor in 0.27 ms, found 1 plugins.
Preloading 0 native plugins for Editor in 0.00 ms.
Invoked RoslynAnalysisRunner static constructor.
RoslynAnalysisRunner will not be running.
RoslynAnalysisRunner has terminated.
Mono: successfully reloaded assembly
- Completed reload, in  0.698 seconds
Platform modules already initialized, skipping
Refreshing native plugins compatible for Editor in 0.28 ms, found 1 plugins.
Preloading 0 native plugins for Editor in 0.00 ms.
Unloading 1817 Unused Serialized files (Serialized files now loaded: 0)
System memory in use before: 89.9 MB.
System memory in use after: 89.4 MB.

Unloading 21 unused Assets to reduce memory usage. Loaded Objects now: 2322.
Total: 1.657400 ms (FindLiveObjects: 0.181300 ms CreateObjectMapping: 0.053700 ms MarkObjects: 1.170700 ms  DeleteObjects: 0.251000 ms)

========================================================================
Received Import Request.
  Time since last request: 433.827327 seconds.
  path: Assets/V2.0/scrpits/Misc/pickup.cs
  artifactKey: Guid(7a96934a5eda3f549b7450434de6d425) Importer(815301076,1909f56bfc062723c751e8b465ee728b)
Start importing Assets/V2.0/scrpits/Misc/pickup.cs using Guid(7a96934a5eda3f549b7450434de6d425) Importer(815301076,1909f56bfc062723c751e8b465ee728b)  -> (artifact id: '9e8c83fd0afbd9f525985795fbb50834') in 0.007130 seconds
  Import took 0.009724 seconds .

AssetImportWorkerClient::OnTransportError - code=2 error=End of file
